0 info it worked if it ends with ok
1 verbose cli [ 'C:\\Program Files\\nodejs\\node.exe',
1 verbose cli   'C:\\Program Files\\nodejs\\node_modules\\npm\\bin\\npm-cli.js',
1 verbose cli   'start' ]
2 info using npm@3.10.10
3 info using node@v6.11.1
4 verbose run-script [ 'prestart', 'start', 'poststart' ]
5 info lifecycle bloc-frontend-project-starter@0.0.4~prestart: bloc-frontend-project-starter@0.0.4
6 silly lifecycle bloc-frontend-project-starter@0.0.4~prestart: no script for prestart, continuing
7 info lifecycle bloc-frontend-project-starter@0.0.4~start: bloc-frontend-project-starter@0.0.4
8 verbose lifecycle bloc-frontend-project-starter@0.0.4~start: unsafe-perm in lifecycle true
9 verbose lifecycle bloc-frontend-project-starter@0.0.4~start: PATH: C:\Program Files\nodejs\node_modules\npm\bin\node-gyp-bin;C:\Users\isimon\Desktop\Bloc\portfolio-kami\node_modules\.bin;C:\Users\isimon\AppData\Roaming\npm;C:\Program Files\nodejs\;C:\Windows\system32;C:\Windows;C:\Windows\System32\Wbem;C:\Windows\System32\WindowsPowerShell\v1.0\;C:\Program Files (x86)\Hewlett-Packard\HP ProtectTools Security Manager\Bin\;C:\Program Files (x86)\Skype\Phone\;C:\Program Files\Git\cmd;C:\Program Files\nodejs\;C:\Program Files\Amazon\AWSCLI\;C:\RailsInstaller\Git\cmd;C:\RailsInstaller\Ruby2.3.0\bin;C:\Users\isimon\AppData\Roaming\npm;C:\Program Files\Heroku\bin;C:\Program Files\7-Zip
10 verbose lifecycle bloc-frontend-project-starter@0.0.4~start: CWD: C:\Users\isimon\Desktop\Bloc\portfolio-kami
11 silly lifecycle bloc-frontend-project-starter@0.0.4~start: Args: [ '/d /s /c', 'node server.js' ]
12 silly lifecycle bloc-frontend-project-starter@0.0.4~start: Returned: code: 1  signal: null
13 info lifecycle bloc-frontend-project-starter@0.0.4~start: Failed to exec start script
14 verbose stack Error: bloc-frontend-project-starter@0.0.4 start: `node server.js`
14 verbose stack Exit status 1
14 verbose stack     at EventEmitter.<anonymous> (C:\Program Files\nodejs\node_modules\npm\lib\utils\lifecycle.js:255:16)
14 verbose stack     at emitTwo (events.js:106:13)
14 verbose stack     at EventEmitter.emit (events.js:191:7)
14 verbose stack     at ChildProcess.<anonymous> (C:\Program Files\nodejs\node_modules\npm\lib\utils\spawn.js:40:14)
14 verbose stack     at emitTwo (events.js:106:13)
14 verbose stack     at ChildProcess.emit (events.js:191:7)
14 verbose stack     at maybeClose (internal/child_process.js:891:16)
14 verbose stack     at Process.ChildProcess._handle.onexit (internal/child_process.js:226:5)
15 verbose pkgid bloc-frontend-project-starter@0.0.4
16 verbose cwd C:\Users\isimon\Desktop\Bloc\portfolio-kami
17 error Windows_NT 6.1.7601
18 error argv "C:\\Program Files\\nodejs\\node.exe" "C:\\Program Files\\nodejs\\node_modules\\npm\\bin\\npm-cli.js" "start"
19 error node v6.11.1
20 error npm  v3.10.10
21 error code ELIFECYCLE
22 error bloc-frontend-project-starter@0.0.4 start: `node server.js`
22 error Exit status 1
23 error Failed at the bloc-frontend-project-starter@0.0.4 start script 'node server.js'.
23 error Make sure you have the latest version of node.js and npm installed.
23 error If you do, this is most likely a problem with the bloc-frontend-project-starter package,
23 error not with npm itself.
23 error Tell the author that this fails on your system:
23 error     node server.js
23 error You can get information on how to open an issue for this project with:
23 error     npm bugs bloc-frontend-project-starter
23 error Or if that isn't available, you can get their info via:
23 error     npm owner ls bloc-frontend-project-starter
23 error There is likely additional logging output above.
24 verbose exit [ 1, true ]
